2022-11-29 00:17:40 | Info  | Notifier start
2022-11-29 00:18:05 | Info  | Notifier start
2022-11-29 00:18:16 | Info  | Notifier start
2022-11-29 00:19:05 | Info  | Notifier start
2022-11-29 00:20:20 | Info  | Notifier start
2022-11-29 00:20:20 | Info  | Notifier end
2022-11-29 00:20:42 | Info  | Notifier start
2022-11-29 00:20:42 | Info  | Notifier end
2022-11-29 00:20:52 | Info  | Notifier start
2022-11-29 00:20:52 | Info  | Notifier end
2022-11-29 00:37:21 | Info  | Notifier start
2022-11-29 00:37:57 | Info  | Notifier start
2022-11-29 00:37:57 | Info  | Notifier end
2022-11-29 00:42:38 | Info  | Notifier start
2022-11-29 00:42:38 | Info  | Notifier end
2022-11-29 00:50:24 | Info  | Notifier start
2022-11-29 00:50:53 | Info  | Notifier start
2022-11-29 00:50:53 | Info  | Notifier end
2022-11-29 00:52:18 | Info  | Notifier start
2022-11-29 00:52:18 | Info  | Notifier end
2022-11-29 01:03:56 | Info  | Notifier start
2022-11-29 01:03:56 | Info  | Notifier end
2022-11-29 01:12:41 | Info  | Notifier start
2022-11-29 01:12:41 | Info  | Notifier end
2022-11-29 01:20:25 | Info  | Notifier start
2022-11-29 01:20:25 | Info  | Notifier end
2022-11-29 01:21:50 | Info  | Notifier start
2022-11-29 01:21:50 | Info  | Notifier end
2022-11-29 01:22:27 | Info  | Notifier start
2022-11-29 01:22:27 | Info  | Notifier end
2022-11-29 20:16:11 | Info  | Notifier start
2022-11-29 20:16:11 | Info  | Notifier end
2022-11-29 20:58:08 | Info  | Notifier start
2022-11-29 20:58:18 | Info  | Notifier start
2022-11-29 20:58:19 | Info  | Notifier end
2022-11-29 20:58:55 | Info  | Notifier start
2022-11-29 20:58:55 | Info  | Notifier end
2022-11-29 21:37:40 | Info  | Notifier start
2022-11-29 21:37:40 | Info  | Notifier end
2022-11-29 21:44:03 | Info  | Notifier start
2022-11-29 21:44:03 | Info  | Notifier end
2022-11-29 22:17:52 | Info  | Notifier start
2022-11-29 22:18:20 | Info  | Notifier start
2022-11-29 22:19:27 | Info  | Notifier start
2022-11-29 22:20:15 | Info  | Notifier start
2022-11-29 22:22:24 | Info  | Notifier start
2022-11-29 22:22:26 | Info  | Notifier end
2022-11-29 22:24:20 | Info  | Notifier start
2022-11-29 22:24:23 | Info  | Notifier end
2022-11-29 12:30:02 | Info  | Notifier start
2022-11-29 12:30:06 | Info  | Notifier end
2022-11-29 12:34:23 | Info  | Notifier start
2022-11-29 12:34:27 | Info  | Notifier end
2022-11-29 13:21:49 | Info  | Notifier start
2022-11-29 13:21:49 | Info  | Notifier end
2022-11-29 13:23:01 | Info  | Notifier start
2022-11-29 13:23:05 | Info  | Notifier end
2022-11-29 13:40:36 | Info  | Notifier start
2022-11-29 13:40:40 | Info  | Notifier end
2022-11-29 13:42:05 | Info  | Notifier start
2022-11-29 13:42:09 | Info  | Notifier end
2022-11-29 13:43:14 | Info  | Notifier start
2022-11-29 13:43:19 | Info  | Notifier end
2022-11-29 13:44:06 | Info  | Notifier start
2022-11-29 13:44:07 | Info  | LoadData start
2022-11-29 13:46:49 | Info  | Notifier start
2022-11-29 13:46:50 | Info  | LoadData start
2022-11-29 13:48:21 | Info  | Notifier start
2022-11-29 13:48:22 | Info  | LoadData start
2022-11-29 13:52:45 | Info  | Notifier start
2022-11-29 13:52:46 | Info  | LoadData start
2022-11-29 13:54:05 | Info  | Notifier start
2022-11-29 13:54:05 | Info  | LoadData start
2022-11-29 13:54:25 | Info  | LoadData fatched 225 records
2022-11-29 13:54:25 | Info  | LoadData end
2022-11-29 13:54:36 | Info  | Notifier end
2022-11-29 14:02:29 | Info  | Notifier start
2022-11-29 14:02:30 | Info  | LoadData start
2022-11-29 14:02:47 | Info  | LoadData fatched 225 records
2022-11-29 14:02:47 | Info  | LoadData end
2022-11-29 14:02:56 | Info  | Notifier end
